c:\programming\neural network\build\neural_network.dir\debug\vc143.pdb
c:\programming\neural network\build\neural_network.dir\debug\matrix.obj
c:\programming\neural network\build\neural_network.dir\debug\math.obj
c:\programming\neural network\build\neural_network.dir\debug\dataset.obj
c:\programming\neural network\build\neural_network.dir\debug\neuralnetwork.obj
c:\programming\neural network\build\neural_network.dir\debug\main.obj
c:\programming\neural network\build\cmakefiles\generate.stamp
c:\programming\neural network\build\neural_network.dir\debug\neural_network.ilk
c:\programming\neural network\out\bin\debug\neural_network.exe
c:\programming\neural network\out\symbols\debug\neural_network.pdb
c:\programming\neural network\build\neural_network.dir\debug\neural_network.tlog\cl.command.1.tlog
c:\programming\neural network\build\neural_network.dir\debug\neural_network.tlog\cl.items.tlog
c:\programming\neural network\build\neural_network.dir\debug\neural_network.tlog\cl.read.1.tlog
c:\programming\neural network\build\neural_network.dir\debug\neural_network.tlog\cl.write.1.tlog
c:\programming\neural network\build\neural_network.dir\debug\neural_network.tlog\custombuild.command.1.tlog
c:\programming\neural network\build\neural_network.dir\debug\neural_network.tlog\custombuild.read.1.tlog
c:\programming\neural network\build\neural_network.dir\debug\neural_network.tlog\custombuild.write.1.tlog
c:\programming\neural network\build\neural_network.dir\debug\neural_network.tlog\link.command.1.tlog
c:\programming\neural network\build\neural_network.dir\debug\neural_network.tlog\link.read.1.tlog
c:\programming\neural network\build\neural_network.dir\debug\neural_network.tlog\link.write.1.tlog
